This is pdfTeX, Version 3.141592653-2.6-1.40.24 (MiKTeX 22.12) (preloaded format=pdflatex 2023.1.22)  1 MAY 2025 12:36
entering extended mode
 restricted \write18 enabled.
 %&-line parsing enabled.
**./main.tex
(main.tex
LaTeX2e <2022-11-01> patch level 1
L3 programming layer <2023-01-16>
(C:\Users\majko\AppData\Local\Programs\MiKTeX\tex/latex/base\book.cls
Document Class: book 2022/07/02 v1.4n Standard LaTeX document class
(C:\Users\majko\AppData\Local\Programs\MiKTeX\tex/latex/base\bk12.clo
File: bk12.clo 2022/07/02 v1.4n Standard LaTeX file (size option)
)
\c@part=\count185
\c@chapter=\count186
\c@section=\count187
\c@subsection=\count188
\c@subsubsection=\count189
\c@paragraph=\count190
\c@subparagraph=\count191
\c@figure=\count192
\c@table=\count193
\abovecaptionskip=\skip48
\belowcaptionskip=\skip49
\bibindent=\dimen140
)
(C:\Users\majko\AppData\Local\Programs\MiKTeX\tex/latex/geometry\geometry.sty
Package: geometry 2020/01/02 v5.9 Page Geometry

(C:\Users\majko\AppData\Local\Programs\MiKTeX\tex/latex/graphics\keyval.sty
Package: keyval 2022/05/29 v1.15 key=value parser (DPC)
\KV@toks@=\toks16
)
(C:\Users\majko\AppData\Local\Programs\MiKTeX\tex/generic/iftex\ifvtex.sty
Package: ifvtex 2019/10/25 v1.7 ifvtex legacy package. Use iftex instead.

(C:\Users\majko\AppData\Local\Programs\MiKTeX\tex/generic/iftex\iftex.sty
Package: iftex 2022/02/03 v1.0f TeX engine tests
))
\Gm@cnth=\count194
\Gm@cntv=\count195
\c@Gm@tempcnt=\count196
\Gm@bindingoffset=\dimen141
\Gm@wd@mp=\dimen142
\Gm@odd@mp=\dimen143
\Gm@even@mp=\dimen144
\Gm@layoutwidth=\dimen145
\Gm@layoutheight=\dimen146
\Gm@layouthoffset=\dimen147
\Gm@layoutvoffset=\dimen148
\Gm@dimlist=\toks17

(C:\Users\majko\AppData\Local\Programs\MiKTeX\tex/latex/geometry\geometry.cfg))
(C:\Users\majko\AppData\Local\Programs\MiKTeX\tex/latex/base\inputenc.sty
Package: inputenc 2021/02/14 v1.3d Input encoding file
\inpenc@prehook=\toks18
\inpenc@posthook=\toks19
)
(C:\Users\majko\AppData\Local\Programs\MiKTeX\tex/latex/base\fontenc.sty
Package: fontenc 2021/04/29 v2.0v Standard LaTeX package
)
(C:\Users\majko\AppData\Local\Programs\MiKTeX\tex/latex/graphics\graphicx.sty
Package: graphicx 2021/09/16 v1.2d Enhanced LaTeX Graphics (DPC,SPQR)

(C:\Users\majko\AppData\Local\Programs\MiKTeX\tex/latex/graphics\graphics.sty
Package: graphics 2022/03/10 v1.4e Standard LaTeX Graphics (DPC,SPQR)

(C:\Users\majko\AppData\Local\Programs\MiKTeX\tex/latex/graphics\trig.sty
Package: trig 2021/08/11 v1.11 sin cos tan (DPC)
)
(C:\Users\majko\AppData\Local\Programs\MiKTeX\tex/latex/graphics-cfg\graphics.c
fg
File: graphics.cfg 2016/06/04 v1.11 sample graphics configuration
)
Package graphics Info: Driver file: pdftex.def on input line 107.

(C:\Users\majko\AppData\Local\Programs\MiKTeX\tex/latex/graphics-def\pdftex.def
File: pdftex.def 2022/09/22 v1.2b Graphics/color driver for pdftex
))
\Gin@req@height=\dimen149
\Gin@req@width=\dimen150
) (C:\Users\majko\AppData\Local\Programs\MiKTeX\tex/latex/url\url.sty
\Urlmuskip=\muskip16
Package: url 2013/09/16  ver 3.4  Verb mode for urls, etc.
)
(C:\Users\majko\AppData\Local\Programs\MiKTeX\tex/latex/graphics\epsfig.sty
Package: epsfig 2017/06/25 v1.7b (e)psfig emulation (SPQR)
\epsfxsize=\dimen151
\epsfysize=\dimen152
)
(C:\Users\majko\AppData\Local\Programs\MiKTeX\tex/latex/epstopdf-pkg\epstopdf.s
ty
Package: epstopdf 2020-01-24 v2.11 Conversion with epstopdf on the fly (HO)

(C:\Users\majko\AppData\Local\Programs\MiKTeX\tex/generic/infwarerr\infwarerr.s
ty
Package: infwarerr 2019/12/03 v1.5 Providing info/warning/error messages (HO)
) (C:\Users\majko\AppData\Local\Programs\MiKTeX\tex/latex/grfext\grfext.sty
Package: grfext 2019/12/03 v1.3 Manage graphics extensions (HO)

(C:\Users\majko\AppData\Local\Programs\MiKTeX\tex/generic/kvdefinekeys\kvdefine
keys.sty
Package: kvdefinekeys 2019-12-19 v1.6 Define keys (HO)
))
(C:\Users\majko\AppData\Local\Programs\MiKTeX\tex/latex/kvoptions\kvoptions.sty
Package: kvoptions 2022-06-15 v3.15 Key value format for package options (HO)
(C:\Users\majko\AppData\Local\Programs\MiKTeX\tex/generic/ltxcmds\ltxcmds.sty
Package: ltxcmds 2020-05-10 v1.25 LaTeX kernel commands for general use (HO)
)
(C:\Users\majko\AppData\Local\Programs\MiKTeX\tex/latex/kvsetkeys\kvsetkeys.sty
Package: kvsetkeys 2022-10-05 v1.19 Key value parser (HO)
))
(C:\Users\majko\AppData\Local\Programs\MiKTeX\tex/generic/pdftexcmds\pdftexcmds
.sty
Package: pdftexcmds 2020-06-27 v0.33 Utility functions of pdfTeX for LuaTeX (HO
)
Package pdftexcmds Info: \pdf@primitive is available.
Package pdftexcmds Info: \pdf@ifprimitive is available.
Package pdftexcmds Info: \pdfdraftmode found.
)
(C:\Users\majko\AppData\Local\Programs\MiKTeX\tex/latex/epstopdf-pkg\epstopdf-b
ase.sty
Package: epstopdf-base 2020-01-24 v2.11 Base part for package epstopdf
Package epstopdf-base Info: Redefining graphics rule for `.eps' on input line 4
85.
Package grfext Info: Graphics extension search list:
(grfext)             [.pdf,.png,.jpg,.mps,.jpeg,.jbig2,.jb2,.PDF,.PNG,.JPG,.JPE
G,.JBIG2,.JB2,.eps]
(grfext)             \AppendGraphicsExtensions on input line 504.

(C:\Users\majko\AppData\Local\Programs\MiKTeX\tex/latex/00miktex\epstopdf-sys.c
fg
File: epstopdf-sys.cfg 2021/03/18 v2.0 Configuration of epstopdf for MiKTeX
)))
(C:\Users\majko\AppData\Local\Programs\MiKTeX\tex/latex/algorithms\algorithmic.
sty
Package: algorithmic 2009/08/24 v0.1 Document Style `algorithmic'
 (C:\Users\majko\AppData\Local\Programs\MiKTeX\tex/latex/base\ifthen.sty
Package: ifthen 2022/04/13 v1.1d Standard LaTeX ifthen package (DPC)
)
\c@ALC@unique=\count197
\c@ALC@line=\count198
\c@ALC@rem=\count199
\c@ALC@depth=\count266
\ALC@tlm=\skip50
\algorithmicindent=\skip51
)
(C:\Users\majko\AppData\Local\Programs\MiKTeX\tex/latex/amsmath\amsmath.sty
Package: amsmath 2022/04/08 v2.17n AMS math features
\@mathmargin=\skip52

For additional information on amsmath, use the `?' option.
(C:\Users\majko\AppData\Local\Programs\MiKTeX\tex/latex/amsmath\amstext.sty
Package: amstext 2021/08/26 v2.01 AMS text

(C:\Users\majko\AppData\Local\Programs\MiKTeX\tex/latex/amsmath\amsgen.sty
File: amsgen.sty 1999/11/30 v2.0 generic functions
\@emptytoks=\toks20
\ex@=\dimen153
))
(C:\Users\majko\AppData\Local\Programs\MiKTeX\tex/latex/amsmath\amsbsy.sty
Package: amsbsy 1999/11/29 v1.2d Bold Symbols
\pmbraise@=\dimen154
)
(C:\Users\majko\AppData\Local\Programs\MiKTeX\tex/latex/amsmath\amsopn.sty
Package: amsopn 2022/04/08 v2.04 operator names
)
\inf@bad=\count267
LaTeX Info: Redefining \frac on input line 234.
\uproot@=\count268
\leftroot@=\count269
LaTeX Info: Redefining \overline on input line 399.
LaTeX Info: Redefining \colon on input line 410.
\classnum@=\count270
\DOTSCASE@=\count271
LaTeX Info: Redefining \ldots on input line 496.
LaTeX Info: Redefining \dots on input line 499.
LaTeX Info: Redefining \cdots on input line 620.
\Mathstrutbox@=\box51
\strutbox@=\box52
LaTeX Info: Redefining \big on input line 722.
LaTeX Info: Redefining \Big on input line 723.
LaTeX Info: Redefining \bigg on input line 724.
LaTeX Info: Redefining \Bigg on input line 725.
\big@size=\dimen155
LaTeX Font Info:    Redeclaring font encoding OML on input line 743.
LaTeX Font Info:    Redeclaring font encoding OMS on input line 744.
\macc@depth=\count272
LaTeX Info: Redefining \bmod on input line 905.
LaTeX Info: Redefining \pmod on input line 910.
LaTeX Info: Redefining \smash on input line 940.
LaTeX Info: Redefining \relbar on input line 970.
LaTeX Info: Redefining \Relbar on input line 971.
\c@MaxMatrixCols=\count273
\dotsspace@=\muskip17
\c@parentequation=\count274
\dspbrk@lvl=\count275
\tag@help=\toks21
\row@=\count276
\column@=\count277
\maxfields@=\count278
\andhelp@=\toks22
\eqnshift@=\dimen156
\alignsep@=\dimen157
\tagshift@=\dimen158
\tagwidth@=\dimen159
\totwidth@=\dimen160
\lineht@=\dimen161
\@envbody=\toks23
\multlinegap=\skip53
\multlinetaggap=\skip54
\mathdisplay@stack=\toks24
LaTeX Info: Redefining \[ on input line 2953.
LaTeX Info: Redefining \] on input line 2954.
)
(C:\Users\majko\AppData\Local\Programs\MiKTeX\tex/latex/amsfonts\amssymb.sty
Package: amssymb 2013/01/14 v3.01 AMS font symbols

(C:\Users\majko\AppData\Local\Programs\MiKTeX\tex/latex/amsfonts\amsfonts.sty
Package: amsfonts 2013/01/14 v3.01 Basic AMSFonts support
\symAMSa=\mathgroup4
\symAMSb=\mathgroup5
LaTeX Font Info:    Redeclaring math symbol \hbar on input line 98.
LaTeX Font Info:    Overwriting math alphabet `\mathfrak' in version `bold'
(Font)                  U/euf/m/n --> U/euf/b/n on input line 106.
)) (C:\Users\majko\AppData\Local\Programs\MiKTeX\tex/latex/multirow\multirow.st
y
Package: multirow 2021/03/15 v2.8 Span multiple rows of a table
\multirow@colwidth=\skip55
\multirow@cntb=\count279
\multirow@dima=\skip56
\bigstrutjot=\dimen162
) (C:\Users\majko\AppData\Local\Programs\MiKTeX\tex/latex/booktabs\booktabs.sty
Package: booktabs 2020/01/12 v1.61803398 Publication quality tables
\heavyrulewidth=\dimen163
\lightrulewidth=\dimen164
\cmidrulewidth=\dimen165
\belowrulesep=\dimen166
\belowbottomsep=\dimen167
\aboverulesep=\dimen168
\abovetopsep=\dimen169
\cmidrulesep=\dimen170
\cmidrulekern=\dimen171
\defaultaddspace=\dimen172
\@cmidla=\count280
\@cmidlb=\count281
\@aboverulesep=\dimen173
\@belowrulesep=\dimen174
\@thisruleclass=\count282
\@lastruleclass=\count283
\@thisrulewidth=\dimen175
) (C:\Users\majko\AppData\Local\Programs\MiKTeX\tex/latex/graphics\color.sty
Package: color 2022/01/06 v1.3d Standard LaTeX Color (DPC)

(C:\Users\majko\AppData\Local\Programs\MiKTeX\tex/latex/graphics-cfg\color.cfg
File: color.cfg 2016/01/02 v1.6 sample color configuration
)
Package color Info: Driver file: pdftex.def on input line 149.
(C:\Users\majko\AppData\Local\Programs\MiKTeX\tex/latex/graphics\mathcolor.ltx)
) (C:\Users\majko\AppData\Local\Programs\MiKTeX\tex/latex/setspace\setspace.sty
Package: setspace 2022/12/04 v6.7b set line spacing
) (C:\Users\majko\AppData\Local\Programs\MiKTeX\tex/latex/tools\tabularx.sty
Package: tabularx 2020/01/15 v2.11c `tabularx' package (DPC)

(C:\Users\majko\AppData\Local\Programs\MiKTeX\tex/latex/tools\array.sty
Package: array 2022/03/10 v2.5f Tabular extension package (FMi)
\col@sep=\dimen176
\ar@mcellbox=\box53
\extrarowheight=\dimen177
\NC@list=\toks25
\extratabsurround=\skip57
\backup@length=\skip58
\ar@cellbox=\box54
)
\TX@col@width=\dimen178
\TX@old@table=\dimen179
\TX@old@col=\dimen180
\TX@target=\dimen181
\TX@delta=\dimen182
\TX@cols=\count284
\TX@ftn=\toks26
)
(C:\Users\majko\AppData\Local\Programs\MiKTeX\tex/latex/base\textcomp.sty
Package: textcomp 2020/02/02 v2.0n Standard LaTeX package
)
(C:\Users\majko\AppData\Local\Programs\MiKTeX\tex/latex/caption\caption.sty
Package: caption 2022/03/01 v3.6b Customizing captions (AR)

(C:\Users\majko\AppData\Local\Programs\MiKTeX\tex/latex/caption\caption3.sty
Package: caption3 2022/03/17 v2.3b caption3 kernel (AR)
\caption@tempdima=\dimen183
\captionmargin=\dimen184
\caption@leftmargin=\dimen185
\caption@rightmargin=\dimen186
\caption@width=\dimen187
\caption@indent=\dimen188
\caption@parindent=\dimen189
\caption@hangindent=\dimen190
Package caption Info: Standard document class detected.
)
\c@caption@flags=\count285
\c@continuedfloat=\count286
)
(C:\Users\majko\AppData\Local\Programs\MiKTeX\tex/latex/natbib\natbib.sty
Package: natbib 2010/09/13 8.31b (PWD, AO)
\bibhang=\skip59
\bibsep=\skip60
LaTeX Info: Redefining \cite on input line 694.
\c@NAT@ctr=\count287
)
(C:\Users\majko\AppData\Local\Programs\MiKTeX\tex/latex/caption\subcaption.sty
Package: subcaption 2022/01/07 v1.5 Sub-captions (AR)
\c@subfigure=\count288
\c@subtable=\count289
)
(C:\Users\majko\AppData\Local\Programs\MiKTeX\tex/latex/emptypage\emptypage.sty
Package: emptypage 2010/05/30 v1.2 Suppress page numbers and headings on empty 
pages
) (C:\Users\majko\AppData\Local\Programs\MiKTeX\tex/latex/float\float.sty
Package: float 2001/11/08 v1.3d Float enhancements (AL)
\c@float@type=\count290
\float@exts=\toks27
\float@box=\box55
\@float@everytoks=\toks28
\@floatcapt=\box56
)
(C:\Users\majko\AppData\Local\Programs\MiKTeX\tex/latex/hyperref\hyperref.sty
Package: hyperref 2022-11-13 v7.00u Hypertext links for LaTeX

(C:\Users\majko\AppData\Local\Programs\MiKTeX\tex/generic/pdfescape\pdfescape.s
ty
Package: pdfescape 2019/12/09 v1.15 Implements pdfTeX's escape features (HO)
) (C:\Users\majko\AppData\Local\Programs\MiKTeX\tex/latex/hycolor\hycolor.sty
Package: hycolor 2020-01-27 v1.10 Color options for hyperref/bookmark (HO)
)
(C:\Users\majko\AppData\Local\Programs\MiKTeX\tex/latex/letltxmacro\letltxmacro
.sty
Package: letltxmacro 2019/12/03 v1.6 Let assignment for LaTeX macros (HO)
)
(C:\Users\majko\AppData\Local\Programs\MiKTeX\tex/latex/auxhook\auxhook.sty
Package: auxhook 2019-12-17 v1.6 Hooks for auxiliary files (HO)
)
(C:\Users\majko\AppData\Local\Programs\MiKTeX\tex/latex/hyperref\nameref.sty
Package: nameref 2022-05-17 v2.50 Cross-referencing by name of section

(C:\Users\majko\AppData\Local\Programs\MiKTeX\tex/latex/refcount\refcount.sty
Package: refcount 2019/12/15 v3.6 Data extraction from label references (HO)
)
(C:\Users\majko\AppData\Local\Programs\MiKTeX\tex/generic/gettitlestring\gettit
lestring.sty
Package: gettitlestring 2019/12/15 v1.6 Cleanup title references (HO)
)
\c@section@level=\count291
)
\@linkdim=\dimen191
\Hy@linkcounter=\count292
\Hy@pagecounter=\count293

(C:\Users\majko\AppData\Local\Programs\MiKTeX\tex/latex/hyperref\pd1enc.def
File: pd1enc.def 2022-11-13 v7.00u Hyperref: PDFDocEncoding definition (HO)
Now handling font encoding PD1 ...
... no UTF-8 mapping file for font encoding PD1
)
(C:\Users\majko\AppData\Local\Programs\MiKTeX\tex/generic/intcalc\intcalc.sty
Package: intcalc 2019/12/15 v1.3 Expandable calculations with integers (HO)
)
(C:\Users\majko\AppData\Local\Programs\MiKTeX\tex/generic/etexcmds\etexcmds.sty
Package: etexcmds 2019/12/15 v1.7 Avoid name clashes with e-TeX commands (HO)
)
\Hy@SavedSpaceFactor=\count294
 (C:\Users\majko\AppData\Local\Programs\MiKTeX\tex/latex/hyperref\puenc.def
File: puenc.def 2022-11-13 v7.00u Hyperref: PDF Unicode definition (HO)
Now handling font encoding PU ...
... no UTF-8 mapping file for font encoding PU
)
Package hyperref Info: Option `breaklinks' set `true' on input line 4045.
Package hyperref Info: Hyper figures OFF on input line 4162.
Package hyperref Info: Link nesting OFF on input line 4167.
Package hyperref Info: Hyper index ON on input line 4170.
Package hyperref Info: Plain pages OFF on input line 4177.
Package hyperref Info: Backreferencing OFF on input line 4182.
Package hyperref Info: Implicit mode ON; LaTeX internals redefined.
Package hyperref Info: Bookmarks ON on input line 4410.
\c@Hy@tempcnt=\count295
LaTeX Info: Redefining \url on input line 4748.
\XeTeXLinkMargin=\dimen192

(C:\Users\majko\AppData\Local\Programs\MiKTeX\tex/generic/bitset\bitset.sty
Package: bitset 2019/12/09 v1.3 Handle bit-vector datatype (HO)

(C:\Users\majko\AppData\Local\Programs\MiKTeX\tex/generic/bigintcalc\bigintcalc
.sty
Package: bigintcalc 2019/12/15 v1.5 Expandable calculations on big integers (HO
)
))
\Fld@menulength=\count296
\Field@Width=\dimen193
\Fld@charsize=\dimen194
Package hyperref Info: Hyper figures OFF on input line 6027.
Package hyperref Info: Link nesting OFF on input line 6032.
Package hyperref Info: Hyper index ON on input line 6035.
Package hyperref Info: backreferencing OFF on input line 6042.
Package hyperref Info: Link coloring OFF on input line 6047.
Package hyperref Info: Link coloring with OCG OFF on input line 6052.
Package hyperref Info: PDF/A mode OFF on input line 6057.

(C:\Users\majko\AppData\Local\Programs\MiKTeX\tex/latex/base\atbegshi-ltx.sty
Package: atbegshi-ltx 2021/01/10 v1.0c Emulation of the original atbegshi
package with kernel methods
)
\Hy@abspage=\count297
\c@Item=\count298
\c@Hfootnote=\count299
)
Package hyperref Info: Driver (autodetected): hpdftex.
(C:\Users\majko\AppData\Local\Programs\MiKTeX\tex/latex/hyperref\hpdftex.def
File: hpdftex.def 2022-11-13 v7.00u Hyperref driver for pdfTeX

(C:\Users\majko\AppData\Local\Programs\MiKTeX\tex/latex/base\atveryend-ltx.sty
Package: atveryend-ltx 2020/08/19 v1.0a Emulation of the original atveryend pac
kage
with kernel methods
)
\Fld@listcount=\count300
\c@bookmark@seq@number=\count301

(C:\Users\majko\AppData\Local\Programs\MiKTeX\tex/latex/rerunfilecheck\rerunfil
echeck.sty
Package: rerunfilecheck 2022-07-10 v1.10 Rerun checks for auxiliary files (HO)

(C:\Users\majko\AppData\Local\Programs\MiKTeX\tex/generic/uniquecounter\uniquec
ounter.sty
Package: uniquecounter 2019/12/15 v1.4 Provide unlimited unique counter (HO)
)
Package uniquecounter Info: New unique counter `rerunfilecheck' on input line 2
85.
)
\Hy@SectionHShift=\skip61
)
(C:\Users\majko\AppData\Local\Programs\MiKTeX\tex/latex/easy\easytable.sty
Document Style `easytable' v1.0 <2001/06/13>.
(C:\Users\majko\AppData\Local\Programs\MiKTeX\tex/latex/easy\easy.sty
Document Style `easy' v1.1 <2001/05/31>.
Package: easy 2001/05/31 v1.1
\@easy@level=\count302
\@easy@ncol=\count303
\@easy@nrow=\count304
\@easy@cnt=\count305
\@easy@boxviii=\box57
\@easy@minxviii=\dimen195
\@easy@minyviii=\dimen196
\@easy@maxxviii=\dimen197
\@easy@maxyviii=\dimen198
\@easy@boxvii=\box58
\@easy@minxvii=\dimen199
\@easy@minyvii=\dimen256
\@easy@maxxvii=\dimen257
\@easy@maxyvii=\dimen258
\@easy@boxvi=\box59
\@easy@minxvi=\dimen259
\@easy@minyvi=\dimen260
\@easy@maxxvi=\dimen261
\@easy@maxyvi=\dimen262
\@easy@boxv=\box60
\@easy@minxv=\dimen263
\@easy@minyv=\dimen264
\@easy@maxxv=\dimen265
\@easy@maxyv=\dimen266
\@easy@boxiv=\box61
\@easy@minxiv=\dimen267
\@easy@minyiv=\dimen268
\@easy@maxxiv=\dimen269
\@easy@maxyiv=\dimen270
\@easy@boxiii=\box62
\@easy@minxiii=\dimen271
\@easy@minyiii=\dimen272
\@easy@maxxiii=\dimen273
\@easy@maxyiii=\dimen274
\@easy@boxii=\box63
\@easy@minxii=\dimen275
\@easy@minyii=\dimen276
\@easy@maxxii=\dimen277
\@easy@maxyii=\dimen278
\@easy@boxi=\box64
\@easy@minxi=\dimen279
\@easy@minyi=\dimen280
\@easy@maxxi=\dimen281
\@easy@maxyi=\dimen282
\@easy@hsizexxx=\dimen283
\@easy@vsizexxx=\dimen284
\@easy@hsizexxix=\dimen285
\@easy@vsizexxix=\dimen286
\@easy@hsizexxviii=\dimen287
\@easy@vsizexxviii=\dimen288
\@easy@hsizexxvii=\dimen289
\@easy@vsizexxvii=\dimen290
\@easy@hsizexxvi=\dimen291
\@easy@vsizexxvi=\dimen292
\@easy@hsizexxv=\dimen293
\@easy@vsizexxv=\dimen294
\@easy@hsizexxiv=\dimen295
\@easy@vsizexxiv=\dimen296
\@easy@hsizexxiii=\dimen297
\@easy@vsizexxiii=\dimen298
\@easy@hsizexxii=\dimen299
\@easy@vsizexxii=\dimen300
\@easy@hsizexxi=\dimen301
\@easy@vsizexxi=\dimen302
\@easy@hsizexx=\dimen303
\@easy@vsizexx=\dimen304
\@easy@hsizexix=\dimen305
\@easy@vsizexix=\dimen306
\@easy@hsizexviii=\dimen307
\@easy@vsizexviii=\dimen308
\@easy@hsizexvii=\dimen309
\@easy@vsizexvii=\dimen310
\@easy@hsizexvi=\dimen311
\@easy@vsizexvi=\dimen312
\@easy@hsizexv=\dimen313
\@easy@vsizexv=\dimen314
\@easy@hsizexiv=\dimen315
\@easy@vsizexiv=\dimen316
\@easy@hsizexiii=\dimen317
\@easy@vsizexiii=\dimen318
\@easy@hsizexii=\dimen319
\@easy@vsizexii=\dimen320
\@easy@hsizexi=\dimen321
\@easy@vsizexi=\dimen322
\@easy@hsizex=\dimen323
\@easy@vsizex=\dimen324
\@easy@hsizeix=\dimen325
\@easy@vsizeix=\dimen326
\@easy@hsizeviii=\dimen327
\@easy@vsizeviii=\dimen328
\@easy@hsizevii=\dimen329
\@easy@vsizevii=\dimen330
\@easy@hsizevi=\dimen331
\@easy@vsizevi=\dimen332
\@easy@hsizev=\dimen333
\@easy@vsizev=\dimen334
\@easy@hsizeiv=\dimen335
\@easy@vsizeiv=\dimen336
\@easy@hsizeiii=\dimen337
\@easy@vsizeiii=\dimen338
\@easy@hsizeii=\dimen339
\@easy@vsizeii=\dimen340
\@easy@hsizei=\dimen341
\@easy@vsizei=\dimen342
\@easy@dash@len=\dimen343
\@easy@dash@sep=\dimen344
)
Package: easytable 2001/05/31v1.1
\@tab@size@rule=\dimen345
\@tab@size@dash=\dimen346
)
(C:\Users\majko\AppData\Local\Programs\MiKTeX\tex/latex/l3packages/xparse\xpars
e.sty
(C:\Users\majko\AppData\Local\Programs\MiKTeX\tex/latex/l3kernel\expl3.sty
Package: expl3 2023-01-16 L3 programming layer (loader) 

(C:\Users\majko\AppData\Local\Programs\MiKTeX\tex/latex/l3backend\l3backend-pdf
tex.def
File: l3backend-pdftex.def 2023-01-16 L3 backend support: PDF output (pdfTeX)
\l__color_backend_stack_int=\count306
\l__pdf_internal_box=\box65
))
Package: xparse 2023-01-16 L3 Experimental document command parser
) (main.aux)
\openout1 = `main.aux'.

LaTeX Font Info:    Checking defaults for OML/cmm/m/it on input line 84.
LaTeX Font Info:    ... okay on input line 84.
LaTeX Font Info:    Checking defaults for OMS/cmsy/m/n on input line 84.
LaTeX Font Info:    ... okay on input line 84.
LaTeX Font Info:    Checking defaults for OT1/cmr/m/n on input line 84.
LaTeX Font Info:    ... okay on input line 84.
LaTeX Font Info:    Checking defaults for T1/cmr/m/n on input line 84.
LaTeX Font Info:    ... okay on input line 84.
LaTeX Font Info:    Checking defaults for TS1/cmr/m/n on input line 84.
LaTeX Font Info:    ... okay on input line 84.
LaTeX Font Info:    Checking defaults for OMX/cmex/m/n on input line 84.
LaTeX Font Info:    ... okay on input line 84.
LaTeX Font Info:    Checking defaults for U/cmr/m/n on input line 84.
LaTeX Font Info:    ... okay on input line 84.
LaTeX Font Info:    Checking defaults for PD1/pdf/m/n on input line 84.
LaTeX Font Info:    ... okay on input line 84.
LaTeX Font Info:    Checking defaults for PU/pdf/m/n on input line 84.
LaTeX Font Info:    ... okay on input line 84.

*geometry* driver: auto-detecting
*geometry* detected driver: pdftex
*geometry* verbose mode - [ preamble ] result:
* driver: pdftex
* paper: a4paper
* layout: <same size as paper>
* layoutoffset:(h,v)=(0.0pt,0.0pt)
* modes: twoside 
* h-part:(L,W,R)=(99.58464pt, 441.01773pt, 56.9055pt)
* v-part:(T,H,B)=(71.13188pt, 702.78308pt, 71.13188pt)
* \paperwidth=597.50787pt
* \paperheight=845.04684pt
* \textwidth=441.01773pt
* \textheight=702.78308pt
* \oddsidemargin=27.31465pt
* \evensidemargin=-15.36449pt
* \topmargin=-33.0119pt
* \headheight=12.0pt
* \headsep=19.8738pt
* \topskip=12.0pt
* \footskip=30.0pt
* \marginparwidth=98.0pt
* \marginparsep=7.0pt
* \columnsep=10.0pt
* \skip\footins=10.8pt plus 4.0pt minus 2.0pt
* \hoffset=0.0pt
* \voffset=0.0pt
* \mag=1000
* \@twocolumnfalse
* \@twosidetrue
* \@mparswitchtrue
* \@reversemarginfalse
* (1in=72.27pt=25.4mm, 1cm=28.453pt)


(C:\Users\majko\AppData\Local\Programs\MiKTeX\tex/context/base/mkii\supp-pdf.mk
ii
[Loading MPS to PDF converter (version 2006.09.02).]
\scratchcounter=\count307
\scratchdimen=\dimen347
\scratchbox=\box66
\nofMPsegments=\count308
\nofMParguments=\count309
\everyMPshowfont=\toks29
\MPscratchCnt=\count310
\MPscratchDim=\dimen348
\MPnumerator=\count311
\makeMPintoPDFobject=\count312
\everyMPtoPDFconversion=\toks30
)
Package caption Info: Begin \AtBeginDocument code.
Package caption Info: float package is loaded.
Package caption Info: hyperref package is loaded.
Package caption Info: End \AtBeginDocument code.
Package hyperref Info: Link coloring OFF on input line 84.
 (main.out) (main.out)
\@outlinefile=\write3
\openout3 = `main.out'.

LaTeX Font Info:    Trying to load font information for U+msa on input line 99.


(C:\Users\majko\AppData\Local\Programs\MiKTeX\tex/latex/amsfonts\umsa.fd
File: umsa.fd 2013/01/14 v3.01 AMS symbols A
)
LaTeX Font Info:    Trying to load font information for U+msb on input line 99.


(C:\Users\majko\AppData\Local\Programs\MiKTeX\tex/latex/amsfonts\umsb.fd
File: umsb.fd 2013/01/14 v3.01 AMS symbols B
)
<images/FMFI_logo_BP.png, id=251, 284.7438pt x 284.7438pt>
File: images/FMFI_logo_BP.png Graphic file (type png)
<use images/FMFI_logo_BP.png>
Package pdftex.def Info: images/FMFI_logo_BP.png  used on input line 104.
(pdftex.def)             Requested size: 176.40439pt x 176.40898pt.

[1


{C:/Users/majko/AppData/Local/MiKTeX/fonts/map/pdftex/pdftex.map} <./images/FMF
I_logo_BP.png>] [2

]
File: images/FMFI_logo_BP.png Graphic file (type png)
<use images/FMFI_logo_BP.png>
Package pdftex.def Info: images/FMFI_logo_BP.png  used on input line 136.
(pdftex.def)             Requested size: 176.40439pt x 176.40898pt.
 [3] [4

]
<zadaniePrace_NEW.PDF, id=276, page=1, 597.50731pt x 845.04607pt>
File: zadaniePrace_NEW.PDF Graphic file (type pdf)
<use zadaniePrace_NEW.PDF, page 1>
Package pdftex.def Info: zadaniePrace_NEW.PDF , page1 used on input line 175.
(pdftex.def)             Requested size: 441.01773pt x 623.7254pt.

Underfull \hbox (badness 10000) in paragraph at lines 194--196

 []


Underfull \hbox (badness 10000) in paragraph at lines 194--196

 []


Overfull \hbox (5.22096pt too wide) in paragraph at lines 190--197
$[]$  $[]$ 
 []


Underfull \vbox (badness 10000) has occurred while \output is active []

 [5 <./zadaniePrace_NEW.PDF>] [6]
Underfull \hbox (badness 10000) in paragraph at lines 213--215

 []


Underfull \hbox (badness 10000) in paragraph at lines 216--218

 []


Underfull \hbox (badness 10000) in paragraph at lines 219--221

 []


Underfull \hbox (badness 10000) in paragraph at lines 222--224

 []

[7


] (abstract.tex) [8

] (abstrakt.tex) [9

] (main.toc [10

])
\tf@toc=\write4
\openout4 = `main.toc'.

 [11] (main.lof)
\tf@lof=\write5
\openout5 = `main.lof'.


[12

] (main.lot)
\tf@lot=\write6
\openout6 = `main.lot'.

 (terminology.tex [13

]) [14

] (motivation.tex
Underfull \hbox (badness 10000) in paragraph at lines 8--10

 []


Underfull \hbox (badness 10000) in paragraph at lines 11--13

 []


Underfull \hbox (badness 10000) in paragraph at lines 14--16

 []

) (introduction/introduction.tex [1


]
Chapter 1.

Underfull \hbox (badness 10000) in paragraph at lines 5--7

 []


Underfull \hbox (badness 10000) in paragraph at lines 8--10

 []


Underfull \hbox (badness 10000) in paragraph at lines 11--13

 []

[2

]
Underfull \hbox (badness 10000) in paragraph at lines 17--19

 []


Underfull \hbox (badness 10000) in paragraph at lines 20--22

 []

) (similar studies/sim_studies.tex [3]
Chapter 2.
(similar studies/cpt_clustering.tex
Underfull \hbox (badness 10000) in paragraph at lines 3--5

 []


Underfull \hbox (badness 10000) in paragraph at lines 13--15

 []

[4

])
Underfull \hbox (badness 10000) in paragraph at lines 16--8

 []

(similar studies/disease_prediction.tex
Underfull \hbox (badness 10000) in paragraph at lines 3--5

 []


Underfull \hbox (badness 10000) in paragraph at lines 6--8

 []


Underfull \hbox (badness 10000) in paragraph at lines 16--18

 []


Underfull \hbox (badness 10000) in paragraph at lines 19--21

 []

[5]
Underfull \hbox (badness 10000) in paragraph at lines 22--24

 []


Underfull \hbox (badness 10000) in paragraph at lines 25--27

 []


Underfull \hbox (badness 10000) in paragraph at lines 28--30

 []


Underfull \hbox (badness 10000) in paragraph at lines 31--33

 []

)) (data/data.tex [6]
Chapter 3.

Underfull \hbox (badness 10000) in paragraph at lines 5--7

 []


Underfull \hbox (badness 10000) in paragraph at lines 8--10

 []

[7

] [8]
Underfull \hbox (badness 10000) in paragraph at lines 65--67

 []

) (theory/theory.tex [9]
Chapter 4.
<images/MLP_arch.png, id=568, 293.095pt x 185.35916pt>
File: images/MLP_arch.png Graphic file (type png)
<use images/MLP_arch.png>
Package pdftex.def Info: images/MLP_arch.png  used on input line 21.
(pdftex.def)             Requested size: 352.81552pt x 223.12564pt.

LaTeX Warning: `!h' float specifier changed to `!ht'.

[10

]
<images/Elman_RNN_architecture.png, id=580, 639.89063pt x 258.9675pt>
File: images/Elman_RNN_architecture.png Graphic file (type png)
<use images/Elman_RNN_architecture.png>
Package pdftex.def Info: images/Elman_RNN_architecture.png  used on input line 
46.
(pdftex.def)             Requested size: 374.86775pt x 151.71071pt.


LaTeX Warning: `!h' float specifier changed to `!ht'.


Underfull \hbox (badness 10000) in paragraph at lines 54--56

 []


Underfull \vbox (badness 10000) has occurred while \output is active []

 [11 <./images/MLP_arch.png>]
Underfull \hbox (badness 10000) in paragraph at lines 64--66

 []


Underfull \hbox (badness 10000) in paragraph at lines 67--69

 []


Underfull \hbox (badness 10000) in paragraph at lines 70--72

 []

[12 <./images/Elman_RNN_architecture.png>]
<images/GRU_arch.png, id=598, 681.54625pt x 711.65875pt>
File: images/GRU_arch.png Graphic file (type png)
<use images/GRU_arch.png>
Package pdftex.def Info: images/GRU_arch.png  used on input line 76.
(pdftex.def)             Requested size: 264.61333pt x 276.30786pt.

Underfull \hbox (badness 10000) in paragraph at lines 86--88

 []


Underfull \hbox (badness 10000) in paragraph at lines 89--91

 []

[13 <./images/GRU_arch.png>]
Underfull \hbox (badness 10000) in paragraph at lines 92--94

 []


Underfull \hbox (badness 10000) in paragraph at lines 95--97

 []

<images/LSTM_arch.png, id=606, 831.105pt x 793.96625pt>
File: images/LSTM_arch.png Graphic file (type png)
<use images/LSTM_arch.png>
Package pdftex.def Info: images/LSTM_arch.png  used on input line 103.
(pdftex.def)             Requested size: 264.61333pt x 252.7902pt.
[14 <./images/LSTM_arch.png>]
<images/trans_arch.png, id=614, 204.765pt x 308.1111pt>
File: images/trans_arch.png Graphic file (type png)
<use images/trans_arch.png>
Package pdftex.def Info: images/trans_arch.png  used on input line 118.
(pdftex.def)             Requested size: 264.61333pt x 398.18898pt.

Underfull \vbox (badness 10000) has occurred while \output is active []

 [15 <./images/trans_arch.png>]
Underfull \hbox (badness 10000) in paragraph at lines 139--141

 []


Underfull \hbox (badness 10000) in paragraph at lines 142--144

 []

<images/self_attention.png, id=623, 751.80875pt x 548.0475pt>
File: images/self_attention.png Graphic file (type png)
<use images/self_attention.png>
Package pdftex.def Info: images/self_attention.png  used on input line 148.
(pdftex.def)             Requested size: 441.01773pt x 321.4971pt.

LaTeX Warning: `!h' float specifier changed to `!ht'.


Underfull \hbox (badness 10000) in paragraph at lines 158--160

 []

[16]
Underfull \hbox (badness 10000) in paragraph at lines 161--163

 []


Underfull \hbox (badness 10000) in paragraph at lines 164--166

 []

[17 <./images/self_attention.png>]
Underfull \hbox (badness 10000) in paragraph at lines 171--173

 []


Underfull \hbox (badness 10000) in paragraph at lines 174--176

 []


Underfull \hbox (badness 10000) in paragraph at lines 181--183

 []


Underfull \hbox (badness 10000) in paragraph at lines 189--191

 []

[18]
Underfull \hbox (badness 10000) in paragraph at lines 204--206

 []

[19]
Underfull \hbox (badness 10000) in paragraph at lines 236--238

 []


Underfull \hbox (badness 10000) in paragraph at lines 239--241

 []

[20] [21]
<images/CBOW_arch.png, id=674, 598.235pt x 577.15625pt>
File: images/CBOW_arch.png Graphic file (type png)
<use images/CBOW_arch.png>
Package pdftex.def Info: images/CBOW_arch.png  used on input line 274.
(pdftex.def)             Requested size: 396.91325pt x 382.93222pt.

Underfull \hbox (badness 10000) in paragraph at lines 282--284

 []


Underfull \vbox (badness 4193) has occurred while \output is active []

 [22 <./images/CBOW_arch.png>]
<images/Skip_arch.png, id=683, 202.42291pt x 225.50917pt>
File: images/Skip_arch.png Graphic file (type png)
<use images/Skip_arch.png>
Package pdftex.def Info: images/Skip_arch.png  used on input line 289.
(pdftex.def)             Requested size: 396.91325pt x 442.21515pt.
) (proposed methods/proposed_methods.tex [23 <./images/Skip_arch.png>]
Chapter 5.
(proposed methods/embedding.tex
Underfull \hbox (badness 10000) in paragraph at lines 6--8

 []

[24

]
Underfull \hbox (badness 10000) in paragraph at lines 18--20

 []

<images/ICD-10-CM.png, id=704, 813.0375pt x 520.94624pt>
File: images/ICD-10-CM.png Graphic file (type png)
<use images/ICD-10-CM.png>
Package pdftex.def Info: images/ICD-10-CM.png  used on input line 24.
(pdftex.def)             Requested size: 352.81552pt x 226.06131pt.

Underfull \hbox (badness 10000) in paragraph at lines 30--32

 []

[25 <./images/ICD-10-CM.png>]
Underfull \hbox (badness 10000) in paragraph at lines 33--35

 []


Underfull \hbox (badness 10000) in paragraph at lines 36--38

 []

[26]
Underfull \hbox (badness 10000) in paragraph at lines 39--41

 []


Underfull \hbox (badness 10000) in paragraph at lines 47--49

 []

<images/atc_l1_classification_who.jpg, id=722, 578.16pt x 480.29437pt>
File: images/atc_l1_classification_who.jpg Graphic file (type jpg)
<use images/atc_l1_classification_who.jpg>
Package pdftex.def Info: images/atc_l1_classification_who.jpg  used on input li
ne 62.
(pdftex.def)             Requested size: 352.81552pt x 293.08905pt.

LaTeX Warning: `!h' float specifier changed to `!ht'.


Underfull \hbox (badness 10000) in paragraph at lines 68--70

 []

[27] [28 <./images/atc_l1_classification_who.jpg>]
Underfull \hbox (badness 10000) in paragraph at lines 81--83

 []

)
Underfull \hbox (badness 10000) in paragraph at lines 21--23

 []


Underfull \hbox (badness 10000) in paragraph at lines 24--26

 []

(proposed methods/future_records_prediction.tex
Underfull \hbox (badness 10000) in paragraph at lines 6--8

 []

[29]
Underfull \hbox (badness 10000) in paragraph at lines 9--11

 []

) (proposed methods/cost_prediction.tex
Underfull \hbox (badness 10000) in paragraph at lines 6--8

 []

) [30]) (software design/software_design.tex [31]
Chapter 6.
LaTeX Font Info:    Trying to load font information for T1+cmtt on input line 5
.
(C:\Users\majko\AppData\Local\Programs\MiKTeX\tex/latex/base\t1cmtt.fd
File: t1cmtt.fd 2022/07/10 v2.5l Standard LaTeX font definitions
)
Underfull \hbox (badness 10000) in paragraph at lines 5--7

 []


Underfull \hbox (badness 10000) in paragraph at lines 20--22

 []

[32

] (software design/embedDesign.tex) (software design/modelDesign.tex
[33]
Underfull \hbox (badness 10000) in paragraph at lines 7--9

 []

)) (implementation/implementation.tex [34]
Chapter 7.
(implementation/embeddingImple.tex
Underfull \hbox (badness 10000) in paragraph at lines 15--17

 []


Underfull \vbox (badness 2521) has occurred while \output is active []

 [35

]
Underfull \hbox (badness 10000) in paragraph at lines 18--20

 []


Underfull \hbox (badness 10000) in paragraph at lines 21--23

 []


Underfull \hbox (badness 10000) in paragraph at lines 24--26

 []

<images/diagnosis_embed_showcase.png, id=798, 1072.005pt x 523.9575pt>
File: images/diagnosis_embed_showcase.png Graphic file (type png)
<use images/diagnosis_embed_showcase.png>
Package pdftex.def Info: images/diagnosis_embed_showcase.png  used on input lin
e 33.
(pdftex.def)             Requested size: 352.81552pt x 172.4428pt.
[36 <./images/diagnosis_embed_showcase.png>]
Underfull \hbox (badness 10000) in paragraph at lines 42--44

 []


Underfull \hbox (badness 10000) in paragraph at lines 64--66

 []


Underfull \hbox (badness 10000) in paragraph at lines 67--69

 []


Underfull \hbox (badness 10000) in paragraph at lines 70--72

 []

[37]
Underfull \hbox (badness 10000) in paragraph at lines 73--75

 []

) (implementation/costPredImple.tex
Underfull \hbox (badness 10000) in paragraph at lines 6--8

 []

[38]
<images/cost_hist.png, id=820, 462.528pt x 346.896pt>
File: images/cost_hist.png Graphic file (type png)
<use images/cost_hist.png>
Package pdftex.def Info: images/cost_hist.png  used on input line 15.
(pdftex.def)             Requested size: 352.81552pt x 264.62292pt.

Underfull \hbox (badness 10000) in paragraph at lines 40--42

 []

[39 <./images/cost_hist.png>]
Underfull \hbox (badness 10000) in paragraph at lines 43--45

 []

) (implementation/recordPredImple.tex
Underfull \hbox (badness 10000) in paragraph at lines 6--8

 []


Underfull \hbox (badness 10000) in paragraph at lines 9--11

 []


Underfull \vbox (badness 2393) has occurred while \output is active []

 [40]
Underfull \hbox (badness 10000) in paragraph at lines 26--28

 []


Underfull \hbox (badness 10000) in paragraph at lines 43--45

 []

[41]
Underfull \hbox (badness 10000) in paragraph at lines 46--48

 []

)) (research/research.tex [42]
Chapter 8.
(research/embeddingRes.tex
Underfull \hbox (badness 10000) in paragraph at lines 10--12

 []


LaTeX Warning: `!h' float specifier changed to `!ht'.

[43

] [44]
Underfull \hbox (badness 10000) in paragraph at lines 89--91

 []


LaTeX Warning: `!h' float specifier changed to `!ht'.


Underfull \hbox (badness 10000) in paragraph at lines 116--118

 []

[45]
Underfull \hbox (badness 10000) in paragraph at lines 123--125

 []


Underfull \hbox (badness 10000) in paragraph at lines 126--128

 []

[46]
Underfull \hbox (badness 10000) in paragraph at lines 129--131

 []

<images/G215.png, id=878, 376.40625pt x 364.36125pt>
File: images/G215.png Graphic file (type png)
<use images/G215.png>
Package pdftex.def Info: images/G215.png  used on input line 137.
(pdftex.def)             Requested size: 264.61333pt x 256.16307pt.

LaTeX Warning: `!h' float specifier changed to `!ht'.

<images/G45.png, id=879, 897.3525pt x 300.12125pt>
File: images/G45.png Graphic file (type png)
<use images/G45.png>
Package pdftex.def Info: images/G45.png  used on input line 146.
(pdftex.def)             Requested size: 485.1222pt x 162.25081pt.

Overfull \hbox (44.10446pt too wide) in paragraph at lines 146--147
 [][] 
 []


LaTeX Warning: `!h' float specifier changed to `!ht'.

) (research/costPredRes.tex
Underfull \hbox (badness 10000) in paragraph at lines 6--8

 []


Underfull \hbox (badness 10000) in paragraph at lines 9--11

 []

[47]
Underfull \hbox (badness 10000) in paragraph at lines 12--14

 []

[48 <./images/G215.png> <./images/G45.png>]
Underfull \hbox (badness 10000) in paragraph at lines 41--43

 []

[49]
Underfull \hbox (badness 10000) in paragraph at lines 45--47

 []


Underfull \hbox (badness 10000) in paragraph at lines 48--50

 []


Underfull \hbox (badness 10000) in paragraph at lines 51--53

 []


Overfull \vbox (12.6pt too high) detected at line 82
 []


LaTeX Warning: `!h' float specifier changed to `!ht'.


Underfull \hbox (badness 10000) in paragraph at lines 89--91

 []

[50]
Underfull \hbox (badness 10000) in paragraph at lines 92--94

 []


LaTeX Warning: `!h' float specifier changed to `!ht'.


Underfull \hbox (badness 10000) in paragraph at lines 109--111

 []


Underfull \vbox (badness 6526) has occurred while \output is active []

 [51]
Underfull \hbox (badness 10000) in paragraph at lines 128--130

 []

) (research/recordPredRes.tex
Underfull \hbox (badness 10000) in paragraph at lines 6--8

 []


Underfull \vbox (badness 1152) has occurred while \output is active []

 [52]
Underfull \hbox (badness 10000) in paragraph at lines 9--11

 []


Underfull \hbox (badness 10000) in paragraph at lines 12--14

 []


Underfull \hbox (badness 10000) in paragraph at lines 28--30

 []

[53]
Underfull \hbox (badness 10000) in paragraph at lines 48--50

 []


Underfull \hbox (badness 10000) in paragraph at lines 51--53

 []


LaTeX Warning: `!h' float specifier changed to `!ht'.


Underfull \hbox (badness 10000) in paragraph at lines 73--75

 []


Underfull \hbox (badness 10000) in paragraph at lines 76--78

 []

[54]
Underfull \hbox (badness 10000) in paragraph at lines 79--81

 []


LaTeX Warning: `!h' float specifier changed to `!ht'.


Underfull \hbox (badness 10000) in paragraph at lines 101--103

 []

[55]
Underfull \hbox (badness 10000) in paragraph at lines 104--106

 []


LaTeX Warning: `!h' float specifier changed to `!ht'.


Underfull \hbox (badness 10000) in paragraph at lines 126--128

 []


Underfull \hbox (badness 10000) in paragraph at lines 129--131

 []


Underfull \hbox (badness 10000) in paragraph at lines 132--134

 []

[56]
Underfull \hbox (badness 10000) in paragraph at lines 152--154

 []

[57])) (results/results.tex [58]
Chapter 9.

Underfull \hbox (badness 10000) in paragraph at lines 10--12

 []


Underfull \hbox (badness 10000) in paragraph at lines 13--15

 []


Underfull \hbox (badness 10000) in paragraph at lines 21--23

 []


Underfull \vbox (badness 10000) has occurred while \output is active []

 [59

]
Underfull \hbox (badness 10000) in paragraph at lines 24--26

 []


Underfull \hbox (badness 10000) in paragraph at lines 27--29

 []


Underfull \hbox (badness 10000) in paragraph at lines 30--32

 []


LaTeX Warning: `!h' float specifier changed to `!ht'.

[60]
Underfull \hbox (badness 10000) in paragraph at lines 58--60

 []


Underfull \hbox (badness 10000) in paragraph at lines 61--63

 []


LaTeX Warning: `!h' float specifier changed to `!ht'.


Underfull \hbox (badness 10000) in paragraph at lines 94--96

 []

[61]
Underfull \hbox (badness 10000) in paragraph at lines 97--99

 []

[62]
Underfull \hbox (badness 10000) in paragraph at lines 124--126

 []

) (conclusion.tex [63]
Underfull \hbox (badness 10000) in paragraph at lines 5--7

 []


Underfull \hbox (badness 10000) in paragraph at lines 8--10

 []


Underfull \hbox (badness 10000) in paragraph at lines 11--13

 []


Underfull \hbox (badness 10000) in paragraph at lines 14--16

 []


Underfull \hbox (badness 10000) in paragraph at lines 17--19

 []


Underfull \hbox (badness 10000) in paragraph at lines 20--22

 []

[64

]) [65] (main.bbl
Underfull \hbox (badness 10000) in paragraph at lines 34--38
[]\T1/cmr/m/n/12 Medzinárodná klasi-fiká-cia chorôb - MKCH-10 --- nczisk.sk.
 []


Underfull \hbox (badness 10000) in paragraph at lines 34--38
[]$\T1/cmtt/m/n/12 https : / / www . nczisk . sk / Standardy-[]v-[]zdravotnictv
e / Pages /
 []

[66


]
! Misplaced alignment tab character &.
l.80 {Centers for Medicare &
                             Medicaid Services} and {National Center for Health
I can't figure out why you would want to use a tab mark
here. If you just want an ampersand, the remedy is
simple: Just type `I\&' now. But if some right brace
up above has ended a previous alignment prematurely,
you're probably due for more error messages, and you
might try typing `S' now just to see what is salvageable.


Underfull \hbox (badness 10000) in paragraph at lines 80--87
[]\T1/cmr/m/n/12 Centers for Medi-care  Med-i-caid Ser-vices and Na-tional Cen-

 []


Underfull \hbox (badness 10000) in paragraph at lines 80--87
\T1/cmr/m/n/12 ter for Health Statis-tics.  Icd-10-cm of-fi-cial guide-lines fo
r cod-
 []


Underfull \hbox (badness 10000) in paragraph at lines 80--87
\T1/cmr/m/n/12 ing and re-port-ing fy 2022.  []$\T1/cmtt/m/n/12 https : / / www
 . cms . gov / files / document /
 []


Underfull \hbox (badness 10000) in paragraph at lines 80--87
\T1/cmtt/m/n/12 fy-[]2022-[]icd-[]10-[]cm-[]coding-[]guidelines-[]updated-[]020
12022 . pdf$[]\T1/cmr/m/n/12 , 2022.
 []

[67] [68]
Underfull \hbox (badness 4229) in paragraph at lines 241--248
\T1/cmr/m/n/12 Kve-toslava Berná-tová.  \T1/cmr/m/it/12 Prak-tická príru£ka pre
 pouºí-vanie pra-vi-diel kó-
 []


Underfull \hbox (badness 1242) in paragraph at lines 241--248
\T1/cmr/m/it/12 dova-nia v sys-téme SK-DRG v súlade s Výno-som MZ SR £. 09467/2
015\T1/cmr/m/n/12 .
 []


Underfull \hbox (badness 10000) in paragraph at lines 241--248
[]$\T1/cmtt/m/n/12 https : / / www . udzs-[]sk . sk / documents / 14214 / 24311
 / 03112016 _ Praktick %
 []


Underfull \hbox (badness 10000) in paragraph at lines 241--248
\T1/cmtt/m/n/12 C3 % A1 + pr % C3 % ADru % C4 % 8Dka + pre + pou % C5 % BE % C3
 % ADvanie + pravidiel + k % C3 %
 []


Underfull \hbox (badness 10000) in paragraph at lines 241--248
\T1/cmtt/m/n/12 B3dovania + v + syst % C3 % A9me + SKDRG + v + s % C3 % BAlade 
+ s + V % C3 % BDnosom + MZ + SR +
 []

[69])

Package caption Warning: Unused \captionsetup[sub] on input line 34.
See the caption package documentation for explanation.

[70] (main.aux)
Package rerunfilecheck Info: File `main.out' has not changed.
(rerunfilecheck)             Checksum: B8EE1E5E824FDC0D3E17C2A62FBF0DC5;10241.
 ) 
Here is how much of TeX's memory you used:
 13853 strings out of 476404
 228990 string characters out of 2789524
 1889324 words of memory out of 3000000
 33596 multiletter control sequences out of 15000+600000
 525851 words of font info for 65 fonts, out of 8000000 for 9000
 1141 hyphenation exceptions out of 8191
 63i,16n,67p,1955b,694s stack positions out of 10000i,1000n,20000p,200000b,80000s
{C:/Users/majko/AppData/Local/Programs/MiKTeX/fonts/enc/dvips/cm-super/cm-sup
er-t1.enc}{C:/Users/majko/AppData/Local/Programs/MiKTeX/fonts/enc/dvips/cm-supe
r/cm-super-ts1.enc}<C:/Users/majko/AppData/Local/Programs/MiKTeX/fonts/type1/pu
blic/amsfonts/cm/cmex10.pfb><C:/Users/majko/AppData/Local/Programs/MiKTeX/fonts
/type1/public/amsfonts/cm/cmmi12.pfb><C:/Users/majko/AppData/Local/Programs/MiK
TeX/fonts/type1/public/amsfonts/cm/cmmi6.pfb><C:/Users/majko/AppData/Local/Prog
rams/MiKTeX/fonts/type1/public/amsfonts/cm/cmmi8.pfb><C:/Users/majko/AppData/Lo
cal/Programs/MiKTeX/fonts/type1/public/amsfonts/cm/cmr12.pfb><C:/Users/majko/Ap
pData/Local/Programs/MiKTeX/fonts/type1/public/amsfonts/cm/cmr8.pfb><C:/Users/m
ajko/AppData/Local/Programs/MiKTeX/fonts/type1/public/amsfonts/cm/cmsy10.pfb><C
:/Users/majko/AppData/Local/Programs/MiKTeX/fonts/type1/public/amsfonts/cm/cmsy
8.pfb><C:/Users/majko/AppData/Local/Programs/MiKTeX/fonts/type1/public/cm-super
/sfbx1200.pfb><C:/Users/majko/AppData/Local/Programs/MiKTeX/fonts/type1/public/
cm-super/sfbx1440.pfb><C:/Users/majko/AppData/Local/Programs/MiKTeX/fonts/type1
/public/cm-super/sfbx1728.pfb><C:/Users/majko/AppData/Local/Programs/MiKTeX/fon
ts/type1/public/cm-super/sfbx2488.pfb><C:/Users/majko/AppData/Local/Programs/Mi
KTeX/fonts/type1/public/cm-super/sfrm0600.pfb><C:/Users/majko/AppData/Local/Pro
grams/MiKTeX/fonts/type1/public/cm-super/sfrm1200.pfb><C:/Users/majko/AppData/L
ocal/Programs/MiKTeX/fonts/type1/public/cm-super/sfti1200.pfb><C:/Users/majko/A
ppData/Local/Programs/MiKTeX/fonts/type1/public/cm-super/sftt1200.pfb>
Output written on main.pdf (84 pages, 1999262 bytes).
PDF statistics:
 1174 PDF objects out of 1200 (max. 8388607)
 276 named destinations out of 1000 (max. 500000)
 577 words of extra memory for PDF output out of 10000 (max. 10000000)

