\BOOKMARK [0][-]{chapter.1}{\376\377\000I\000n\000t\000r\000o\000d\000u\000c\000t\000i\000o\000n}{}% 1
\BOOKMARK [0][-]{chapter.2}{\376\377\000S\000i\000m\000i\000l\000a\000r\000\040\000s\000t\000u\000d\000i\000e\000s}{}% 2
\BOOKMARK [0][-]{chapter.3}{\376\377\000M\000e\000d\000i\000c\000a\000l\000\040\000d\000a\000t\000a}{}% 3
\BOOKMARK [1][-]{section.3.1}{\376\377\000P\000a\000t\000i\000e\000n\000t\000s\000\040\000r\000e\000c\000o\000r\000d\000s}{chapter.3}% 4
\BOOKMARK [2][-]{subsection.3.1.1}{\376\377\000R\000e\000c\000o\000r\000d\000s\000\040\000o\000f\000\040\000m\000e\000d\000i\000c\000a\000l\000\040\000p\000r\000o\000c\000e\000d\000u\000r\000e\000s\000\040\000f\000r\000o\000m\000\040\000a\000m\000b\000u\000l\000a\000t\000o\000r\000y\000\040\000h\000e\000a\000l\000t\000h\000\040\000c\000a\000r\000e}{section.3.1}% 5
\BOOKMARK [2][-]{subsection.3.1.2}{\376\377\000R\000e\000c\000o\000r\000d\000s\000\040\000o\000f\000\040\000p\000r\000e\000s\000c\000r\000i\000b\000e\000d\000\040\000m\000e\000d\000i\000c\000i\000n\000e\000s}{section.3.1}% 6
\BOOKMARK [1][-]{section.3.2}{\376\377\000M\000a\000p\000p\000i\000n\000g\000s}{chapter.3}% 7
\BOOKMARK [0][-]{chapter.4}{\376\377\000T\000h\000e\000o\000r\000y\000\040\000-\000\040\000m\000o\000d\000e\000l\000s}{}% 8
\BOOKMARK [1][-]{section.4.1}{\376\377\000M\000u\000l\000t\000i\000l\000a\000y\000e\000r\000\040\000p\000e\000r\000c\000e\000p\000t\000r\000o\000n}{chapter.4}% 9
\BOOKMARK [1][-]{section.4.2}{\376\377\000R\000e\000c\000u\000r\000r\000e\000n\000t\000\040\000n\000e\000u\000r\000a\000l\000\040\000n\000e\000t\000w\000o\000r\000k}{chapter.4}% 10
\BOOKMARK [2][-]{subsection.4.2.1}{\376\377\000E\000l\000m\000a\000n\000\040\000R\000N\000N}{section.4.2}% 11
\BOOKMARK [2][-]{subsection.4.2.2}{\376\377\000G\000a\000t\000e\000d\000\040\000R\000e\000c\000u\000r\000r\000e\000n\000t\000\040\000U\000n\000i\000t}{section.4.2}% 12
\BOOKMARK [2][-]{subsection.4.2.3}{\376\377\000L\000o\000n\000g\000\040\000S\000h\000o\000r\000t\000-\000T\000e\000r\000m\000\040\000M\000e\000m\000o\000r\000y}{section.4.2}% 13
\BOOKMARK [1][-]{section.4.3}{\376\377\000T\000r\000a\000n\000s\000f\000o\000r\000m\000e\000r}{chapter.4}% 14
\BOOKMARK [2][-]{subsection.4.3.1}{\376\377\000T\000o\000k\000e\000n\000i\000z\000e\000r\000,\000\040\000E\000m\000b\000e\000d\000d\000i\000n\000g\000\040\000l\000a\000y\000e\000r\000\040\000a\000n\000d\000\040\000P\000o\000s\000i\000t\000i\000o\000n\000a\000l\000\040\000e\000n\000c\000o\000d\000i\000n\000g}{section.4.3}% 15
\BOOKMARK [2][-]{subsection.4.3.2}{\376\377\000E\000n\000c\000o\000d\000e\000r}{section.4.3}% 16
\BOOKMARK [2][-]{subsection.4.3.3}{\376\377\000D\000e\000c\000o\000d\000e\000r}{section.4.3}% 17
\BOOKMARK [2][-]{subsection.4.3.4}{\376\377\000F\000u\000l\000l\000y\000-\000c\000o\000n\000n\000e\000c\000t\000e\000d\000\040\000F\000e\000e\000d\000-\000f\000o\000r\000w\000a\000r\000d\000\040\000l\000a\000y\000e\000r}{section.4.3}% 18
\BOOKMARK [2][-]{subsection.4.3.5}{\376\377\000D\000e\000c\000o\000d\000e\000r\000-\000o\000n\000l\000y\000\040\000T\000r\000a\000n\000s\000f\000o\000r\000m\000e\000r}{section.4.3}% 19
\BOOKMARK [1][-]{section.4.4}{\376\377\000L\000a\000n\000g\000u\000a\000g\000e\000-\000a\000g\000n\000o\000s\000t\000i\000c\000\040\000B\000E\000R\000T\000\040\000S\000e\000n\000t\000e\000n\000c\000e\000\040\000E\000m\000b\000e\000d\000d\000i\000n\000g}{chapter.4}% 20
\BOOKMARK [2][-]{subsection.4.4.1}{\376\377\000E\000n\000c\000o\000d\000e\000r\000-\000o\000n\000l\000y\000\040\000T\000r\000a\000n\000s\000f\000o\000r\000m\000e\000r\000\040\000\050\000B\000E\000R\000T\000\040\000m\000o\000d\000e\000l\000\051}{section.4.4}% 21
\BOOKMARK [2][-]{subsection.4.4.2}{\376\377\000P\000o\000o\000l\000i\000n\000g\000\040\000l\000a\000y\000e\000r}{section.4.4}% 22
\BOOKMARK [2][-]{subsection.4.4.3}{\376\377\000D\000e\000n\000s\000e\000\040\000l\000a\000y\000e\000r}{section.4.4}% 23
\BOOKMARK [2][-]{subsection.4.4.4}{\376\377\000N\000o\000r\000m\000a\000l\000i\000z\000a\000t\000i\000o\000n\000\040\000l\000a\000y\000e\000r}{section.4.4}% 24
\BOOKMARK [1][-]{section.4.5}{\376\377\000W\000o\000r\000d\0002\000v\000e\000c\000\040\000m\000o\000d\000e\000l}{chapter.4}% 25
\BOOKMARK [2][-]{subsection.4.5.1}{\376\377\000C\000B\000O\000W\000\040\000a\000p\000p\000r\000o\000a\000c\000h}{section.4.5}% 26
\BOOKMARK [2][-]{subsection.4.5.2}{\376\377\000S\000k\000i\000p\000-\000g\000r\000a\000m\000\040\000a\000p\000p\000r\000o\000a\000c\000h}{section.4.5}% 27
\BOOKMARK [0][-]{chapter.5}{\376\377\000P\000r\000o\000p\000o\000s\000e\000d\000\040\000M\000e\000t\000h\000o\000d\000s}{}% 28
\BOOKMARK [1][-]{section.5.1}{\376\377\000E\000m\000b\000e\000d\000d\000i\000n\000g\000\040\000o\000f\000\040\000P\000a\000t\000i\000e\000n\000t}{chapter.5}% 29
\BOOKMARK [2][-]{subsection.5.1.1}{\376\377\000T\000i\000m\000e\000s\000t\000a\000m\000p}{section.5.1}% 30
\BOOKMARK [2][-]{subsection.5.1.2}{\376\377\000D\000i\000a\000g\000n\000o\000s\000i\000s\000\040\000e\000m\000b\000e\000d\000d\000i\000n\000g}{section.5.1}% 31
\BOOKMARK [2][-]{subsection.5.1.3}{\376\377\000D\000r\000u\000g\000\040\000e\000m\000b\000e\000d\000d\000i\000n\000g}{section.5.1}% 32
\BOOKMARK [2][-]{subsection.5.1.4}{\376\377\000M\000e\000d\000i\000c\000a\000l\000\040\000p\000r\000o\000c\000e\000d\000u\000r\000e\000\040\000e\000m\000b\000e\000d\000d\000i\000n\000g}{section.5.1}% 33
\BOOKMARK [1][-]{section.5.2}{\376\377\000P\000r\000e\000d\000i\000c\000t\000i\000o\000n\000\040\000o\000f\000\040\000f\000u\000t\000u\000r\000e\000\040\000n\000u\000m\000b\000e\000r\000\040\000o\000f\000\040\000r\000e\000c\000o\000r\000d\000s}{chapter.5}% 34
\BOOKMARK [1][-]{section.5.3}{\376\377\000F\000u\000t\000u\000r\000e\000\040\000r\000e\000c\000o\000r\000d\000\040\000p\000r\000e\000d\000i\000c\000t\000i\000o\000n}{chapter.5}% 35
\BOOKMARK [1][-]{section.5.4}{\376\377\000R\000e\000c\000o\000r\000d\000\040\000c\000o\000s\000t\000\040\000p\000r\000e\000d\000i\000c\000t\000i\000o\000n}{chapter.5}% 36
\BOOKMARK [1][-]{section.5.5}{\376\377\000P\000r\000e\000d\000i\000c\000t\000i\000o\000n\000\040\000o\000f\000\040\000f\000u\000t\000u\000r\000e\000\040\000c\000o\000s\000t\000\040\000o\000f\000\040\000p\000a\000t\000i\000e\000n\000t}{chapter.5}% 37
\BOOKMARK [0][-]{chapter.6}{\376\377\000S\000o\000f\000t\000w\000a\000r\000e\000\040\000D\000e\000s\000i\000g\000n}{}% 38
\BOOKMARK [1][-]{section.6.1}{\376\377\000G\000e\000n\000e\000r\000a\000l}{chapter.6}% 39
\BOOKMARK [1][-]{section.6.2}{\376\377\000E\000m\000b\000e\000d\000d\000i\000n\000g}{chapter.6}% 40
\BOOKMARK [1][-]{section.6.3}{\376\377\000M\000o\000d\000e\000l\000\040\000t\000r\000a\000i\000n\000i\000n\000g\000,\000\040\000v\000a\000l\000i\000d\000a\000t\000i\000o\000n\000\040\000a\000n\000d\000\040\000p\000r\000e\000d\000i\000c\000t\000i\000o\000n}{chapter.6}% 41
\BOOKMARK [0][-]{chapter.7}{\376\377\000I\000m\000p\000l\000e\000m\000e\000n\000t\000a\000t\000i\000o\000n}{}% 42
\BOOKMARK [1][-]{section.7.1}{\376\377\000E\000m\000b\000e\000d\000d\000i\000n\000g\000\040\000o\000f\000\040\000P\000a\000t\000i\000e\000n\000t}{chapter.7}% 43
\BOOKMARK [2][-]{subsection.7.1.1}{\376\377\000T\000i\000m\000e\000s\000t\000a\000m\000p}{section.7.1}% 44
\BOOKMARK [2][-]{subsection.7.1.2}{\376\377\000D\000i\000a\000g\000n\000o\000s\000i\000s\000\040\000e\000m\000b\000e\000d\000d\000i\000n\000g}{section.7.1}% 45
\BOOKMARK [2][-]{subsection.7.1.3}{\376\377\000D\000r\000u\000g\000\040\000e\000m\000b\000e\000d\000d\000i\000n\000g}{section.7.1}% 46
\BOOKMARK [2][-]{subsection.7.1.4}{\376\377\000M\000e\000d\000i\000c\000a\000l\000\040\000p\000r\000o\000c\000e\000d\000u\000r\000e\000\040\000e\000m\000b\000e\000d\000d\000i\000n\000g}{section.7.1}% 47
\BOOKMARK [1][-]{section.7.2}{\376\377\000P\000r\000e\000d\000i\000c\000t\000i\000o\000n\000\040\000o\000f\000\040\000r\000e\000c\000o\000r\000d\000\040\000c\000o\000s\000t}{chapter.7}% 48
\BOOKMARK [1][-]{section.7.3}{\376\377\000P\000r\000e\000d\000i\000c\000t\000i\000o\000n\000\040\000o\000f\000\040\000f\000u\000t\000u\000r\000e\000\040\000r\000e\000c\000o\000r\000d\000s}{chapter.7}% 49
\BOOKMARK [0][-]{chapter.8}{\376\377\000R\000e\000s\000e\000a\000r\000c\000h}{}% 50
\BOOKMARK [1][-]{section.8.1}{\376\377\000E\000m\000b\000e\000d\000d\000i\000n\000g\000\040\000o\000f\000\040\000p\000a\000t\000i\000e\000n\000t}{chapter.8}% 51
\BOOKMARK [2][-]{subsection.8.1.1}{\376\377\000D\000i\000a\000g\000n\000o\000s\000i\000s\000\040\000e\000m\000b\000e\000d\000d\000i\000n\000g}{section.8.1}% 52
\BOOKMARK [2][-]{subsection.8.1.2}{\376\377\000D\000r\000u\000g\000\040\000e\000m\000b\000e\000d\000d\000i\000n\000g}{section.8.1}% 53
\BOOKMARK [2][-]{subsection.8.1.3}{\376\377\000M\000e\000d\000i\000c\000a\000l\000\040\000p\000r\000o\000c\000e\000d\000u\000r\000e\000\040\000e\000m\000b\000e\000d\000d\000i\000n\000g}{section.8.1}% 54
\BOOKMARK [1][-]{section.8.2}{\376\377\000P\000r\000e\000d\000i\000c\000t\000i\000o\000n\000\040\000o\000f\000\040\000r\000e\000c\000o\000r\000d\000\040\000c\000o\000s\000t}{chapter.8}% 55
\BOOKMARK [1][-]{section.8.3}{\376\377\000P\000r\000e\000d\000i\000c\000t\000i\000o\000n\000\040\000o\000f\000\040\000f\000u\000t\000u\000r\000e\000\040\000r\000e\000c\000o\000r\000d\000s}{chapter.8}% 56
\BOOKMARK [2][-]{subsection.8.3.1}{\376\377\000L\000S\000T\000M}{section.8.3}% 57
\BOOKMARK [2][-]{subsection.8.3.2}{\376\377\000D\000e\000c\000o\000d\000e\000r\000-\000o\000n\000l\000y\000\040\000T\000r\000a\000n\000s\000f\000o\000r\000m\000e\000r}{section.8.3}% 58
\BOOKMARK [0][-]{chapter.9}{\376\377\000R\000e\000s\000u\000l\000t\000s}{}% 59
\BOOKMARK [1][-]{section.9.1}{\376\377\000T\000r\000a\000i\000n\000i\000n\000g\000\040\000o\000f\000\040\000f\000i\000n\000a\000l\000\040\000m\000o\000d\000e\000l\000s}{chapter.9}% 60
\BOOKMARK [1][-]{section.9.2}{\376\377\000V\000a\000l\000i\000d\000a\000t\000i\000o\000n\000\040\000o\000f\000\040\000t\000r\000a\000i\000n\000e\000d\000\040\000m\000o\000d\000e\000l\000s}{chapter.9}% 61
\BOOKMARK [1][-]{section.9.3}{\376\377\000T\000e\000s\000t\000i\000n\000g\000\040\000o\000f\000\040\000p\000a\000t\000i\000e\000n\000t\000\040\000f\000u\000t\000u\000r\000e\000\040\000c\000o\000s\000t\000\040\000p\000r\000e\000d\000i\000c\000t\000i\000o\000n}{chapter.9}% 62
